[2024-12-12 12:12:37,254] INFO django.utils.autoreload: Watching for file changes with StatReloader
[2024-12-12 12:14:09,518] INFO django.utils.autoreload: Watching for file changes with StatReloader
[2024-12-12 12:14:28,095] INFO django.utils.autoreload: /Users/Omar/Documents/UoBD Y2/sepp-ssh-project/sshsharedcart/cartapp/views.py changed, reloading.
[2024-12-12 12:14:28,590] INFO django.utils.autoreload: Watching for file changes with StatReloader
[2024-12-12 12:14:32,956] INFO django.utils.autoreload: /Users/Omar/Documents/UoBD Y2/sepp-ssh-project/sshsharedcart/cartapp/views.py changed, reloading.
[2024-12-12 12:14:33,311] INFO django.utils.autoreload: Watching for file changes with StatReloader
[2024-12-12 12:14:50,793] INFO django.utils.autoreload: /Users/Omar/Documents/UoBD Y2/sepp-ssh-project/sshsharedcart/cartapp/views.py changed, reloading.
[2024-12-12 12:14:51,252] INFO django.utils.autoreload: Watching for file changes with StatReloader
[2024-12-12 12:14:55,000] INFO cartapp.views: Accessed home view
[2024-12-12 12:15:08,687] INFO cartapp.views: Accessed supermarkets view
[2024-12-12 12:15:11,369] INFO cartapp.views: Accessed add_to_cart view
[2024-12-12 12:15:11,391] INFO cartapp.views: Accessed supermarkets view
[2024-12-12 12:15:12,373] INFO cartapp.views: Accessed shared_cart view
[2024-12-12 12:15:16,102] INFO cartapp.views: Accessed update_quantity view
[2024-12-12 12:15:16,122] INFO cartapp.views: Accessed shared_cart view
[2024-12-12 12:15:18,240] INFO cartapp.views: Accessed checkout view
[2024-12-12 12:15:21,502] INFO cartapp.views: Accessed ssh_console_payment view
[2024-12-12 12:15:21,504] ERROR cartapp.views: Error in ssh_console_payment view: ssh_console.html
[2024-12-12 12:15:37,720] INFO cartapp.views: Accessed supermarkets view
[2024-12-12 12:15:39,353] INFO cartapp.views: Accessed shared_cart view
[2024-12-12 12:15:40,409] INFO cartapp.views: Accessed checkout view
[2024-12-12 12:15:50,695] INFO django.utils.autoreload: /Users/Omar/Documents/UoBD Y2/sepp-ssh-project/sshsharedcart/cartapp/views.py changed, reloading.
[2024-12-12 12:15:51,302] INFO django.utils.autoreload: Watching for file changes with StatReloader
[2024-12-12 12:15:54,618] INFO cartapp.views: Accessed ssh_console_payment view
[2024-12-12 12:16:18,282] INFO django.utils.autoreload: /Users/Omar/Documents/UoBD Y2/sepp-ssh-project/sshsharedcart/cartapp/views.py changed, reloading.
[2024-12-12 12:16:18,739] INFO django.utils.autoreload: Watching for file changes with StatReloader
[2024-12-12 12:16:29,269] INFO django.utils.autoreload: /Users/Omar/Documents/UoBD Y2/sepp-ssh-project/sshsharedcart/cartapp/views.py changed, reloading.
[2024-12-12 12:16:29,930] INFO django.utils.autoreload: Watching for file changes with StatReloader
[2024-12-12 12:16:57,539] INFO cartapp.views: Accessed home view
[2024-12-12 12:17:58,203] INFO django.utils.autoreload: /Users/Omar/Documents/UoBD Y2/sepp-ssh-project/sshsharedcart/cartapp/views.py changed, reloading.
[2024-12-12 12:17:58,745] INFO django.utils.autoreload: Watching for file changes with StatReloader
[2024-12-12 12:18:14,140] INFO django.utils.autoreload: /Users/Omar/Documents/UoBD Y2/sepp-ssh-project/sshsharedcart/cartapp/views.py changed, reloading.
[2024-12-12 12:18:14,559] INFO django.utils.autoreload: Watching for file changes with StatReloader
[2024-12-12 12:19:53,197] INFO django.utils.autoreload: /Users/Omar/Documents/UoBD Y2/sepp-ssh-project/sshsharedcart/cartapp/views.py changed, reloading.
[2024-12-12 12:19:53,737] INFO django.utils.autoreload: Watching for file changes with StatReloader
[2024-12-12 12:20:14,556] INFO django.utils.autoreload: /Users/Omar/Documents/UoBD Y2/sepp-ssh-project/sshsharedcart/cartapp/views.py changed, reloading.
[2024-12-12 12:20:15,189] INFO django.utils.autoreload: Watching for file changes with StatReloader
[2024-12-12 12:20:57,178] INFO django.utils.autoreload: /Users/Omar/Documents/UoBD Y2/sepp-ssh-project/sshsharedcart/cartapp/views.py changed, reloading.
[2024-12-12 12:20:57,814] INFO django.utils.autoreload: Watching for file changes with StatReloader
[2024-12-12 12:21:19,317] INFO django.utils.autoreload: /Users/Omar/Documents/UoBD Y2/sepp-ssh-project/sshsharedcart/cartapp/views.py changed, reloading.
[2024-12-12 12:21:19,795] INFO django.utils.autoreload: Watching for file changes with StatReloader
[2024-12-12 12:21:38,504] INFO django.utils.autoreload: /Users/Omar/Documents/UoBD Y2/sepp-ssh-project/sshsharedcart/cartapp/views.py changed, reloading.
[2024-12-12 12:21:38,972] INFO django.utils.autoreload: Watching for file changes with StatReloader
[2024-12-12 12:21:54,318] INFO django.utils.autoreload: /Users/Omar/Documents/UoBD Y2/sepp-ssh-project/sshsharedcart/cartapp/views.py changed, reloading.
[2024-12-12 12:21:55,430] INFO django.utils.autoreload: Watching for file changes with StatReloader
[2024-12-12 12:23:21,466] INFO django.utils.autoreload: /Users/Omar/Documents/UoBD Y2/sepp-ssh-project/sshsharedcart/cartapp/views.py changed, reloading.
[2024-12-12 12:23:22,047] INFO django.utils.autoreload: Watching for file changes with StatReloader
[2024-12-12 12:23:57,947] INFO django.utils.autoreload: /Users/Omar/Documents/UoBD Y2/sepp-ssh-project/sshsharedcart/cartapp/views.py changed, reloading.
[2024-12-12 12:23:58,445] INFO django.utils.autoreload: Watching for file changes with StatReloader
[2024-12-12 12:24:07,010] INFO django.utils.autoreload: /Users/Omar/Documents/UoBD Y2/sepp-ssh-project/sshsharedcart/cartapp/views.py changed, reloading.
[2024-12-12 12:24:08,081] INFO django.utils.autoreload: Watching for file changes with StatReloader
[2024-12-12 12:24:13,975] INFO django.utils.autoreload: /Users/Omar/Documents/UoBD Y2/sepp-ssh-project/sshsharedcart/cartapp/views.py changed, reloading.
[2024-12-12 12:24:15,054] INFO django.utils.autoreload: Watching for file changes with StatReloader
[2024-12-12 12:25:06,376] INFO django.utils.autoreload: /Users/Omar/Documents/UoBD Y2/sepp-ssh-project/sshsharedcart/cartapp/views.py changed, reloading.
[2024-12-12 12:25:07,072] INFO django.utils.autoreload: Watching for file changes with StatReloader
[2024-12-12 12:25:16,340] INFO django.utils.autoreload: /Users/Omar/Documents/UoBD Y2/sepp-ssh-project/sshsharedcart/cartapp/views.py changed, reloading.
[2024-12-12 12:25:16,851] INFO django.utils.autoreload: Watching for file changes with StatReloader
[2024-12-12 12:25:29,432] INFO django.utils.autoreload: /Users/Omar/Documents/UoBD Y2/sepp-ssh-project/sshsharedcart/cartapp/views.py changed, reloading.
[2024-12-12 12:25:30,021] INFO django.utils.autoreload: Watching for file changes with StatReloader
[2024-12-12 12:25:39,277] INFO django.utils.autoreload: /Users/Omar/Documents/UoBD Y2/sepp-ssh-project/sshsharedcart/cartapp/views.py changed, reloading.
[2024-12-12 12:25:39,708] INFO django.utils.autoreload: Watching for file changes with StatReloader
[2024-12-12 12:25:42,932] INFO cartapp.views: Accessed home view
[2024-12-12 12:25:52,563] WARNING django.request: Not Found: /login/cart
[2024-12-12 12:26:02,210] INFO cartapp.views: Accessed shared_cart view
[2024-12-12 12:26:03,642] INFO cartapp.views: Accessed checkout view
[2024-12-12 12:26:07,119] INFO cartapp.views: Accessed ssh_console_payment view
[2024-12-12 12:26:07,120] ERROR cartapp.views: Error in ssh_console_payment view: ssh_console.html
[2024-12-12 12:26:09,569] INFO cartapp.views: Accessed home view
[2024-12-12 12:26:25,110] INFO django.utils.autoreload: /Users/Omar/Documents/UoBD Y2/sepp-ssh-project/sshsharedcart/cartapp/views.py changed, reloading.
[2024-12-12 12:26:26,468] INFO django.utils.autoreload: Watching for file changes with StatReloader
[2024-12-12 12:26:40,367] INFO cartapp.views: Accessed supermarkets view
[2024-12-12 12:26:41,397] INFO cartapp.views: Accessed shared_cart view
[2024-12-12 12:26:42,239] INFO cartapp.views: Accessed checkout view
[2024-12-12 12:26:43,914] INFO cartapp.views: Accessed ssh_console_payment view
